<?xml version="1.0" encoding="UTF-8"?>
<testng-results ignored="4" total="7" passed="3" failed="0" skipped="0">
  <reporter-output>
  </reporter-output>
  <suite started-at="2022-09-01T20:27:55 IST" name="Default suite" finished-at="2022-09-01T20:27:58 IST" duration-ms="3507">
    <groups>
    </groups>
    <test started-at="2022-09-01T20:27:55 IST" name="Default test" finished-at="2022-09-01T20:27:58 IST" duration-ms="3507">
      <class name="com.rest.api.get.GETBDDAPI">
        <test-method signature="getAPITest5(java.lang.String, int)[pri:0, instance:com.rest.api.get.GETBDDAPI@6ce139a4]" started-at="2022-09-01T20:27:55 IST" name="getAPITest5" data-provider="getCircuityearData" finished-at="2022-09-01T20:27:57 IST" duration-ms="2304" status="PASS">
          <params>
            <param index="0">
              <value>
                <![CDATA[2017]]>
              </value>
            </param>
            <param index="1">
              <value>
                <![CDATA[20]]>
              </value>
            </param>
          </params>
          <reporter-output>
          </reporter-output>
        </test-method> <!-- getAPITest5 -->
        <test-method signature="getAPITest5(java.lang.String, int)[pri:0, instance:com.rest.api.get.GETBDDAPI@6ce139a4]" started-at="2022-09-01T20:27:57 IST" name="getAPITest5" data-provider="getCircuityearData" finished-at="2022-09-01T20:27:58 IST" duration-ms="675" status="PASS">
          <params>
            <param index="0">
              <value>
                <![CDATA[2016]]>
              </value>
            </param>
            <param index="1">
              <value>
                <![CDATA[21]]>
              </value>
            </param>
          </params>
          <reporter-output>
          </reporter-output>
        </test-method> <!-- getAPITest5 -->
        <test-method signature="getAPITest5(java.lang.String, int)[pri:0, instance:com.rest.api.get.GETBDDAPI@6ce139a4]" started-at="2022-09-01T20:27:58 IST" name="getAPITest5" data-provider="getCircuityearData" finished-at="2022-09-01T20:27:58 IST" duration-ms="501" status="PASS">
          <params>
            <param index="0">
              <value>
                <![CDATA[1966]]>
              </value>
            </param>
            <param index="1">
              <value>
                <![CDATA[9]]>
              </value>
            </param>
          </params>
          <reporter-output>
          </reporter-output>
        </test-method> <!-- getAPITest5 -->
      </class> <!-- com.rest.api.get.GETBDDAPI -->
    </test> <!-- Default test -->
  </suite> <!-- Default suite -->
</testng-results>
