<?xml version="1.0" encoding="UTF-8"?>
<!-- Generated by org.testng.reporters.JUnitXMLReporter -->
<testsuite ignored="4" hostname="DESKTOP-6JINMTP" failures="0" tests="3" name="Default test" time="3.507" errors="0" timestamp="2022-09-01T20:27:58 IST">
  <testcase classname="com.rest.api.get.GETBDDAPI" name="getAPITest5" time="2.304"/>
  <testcase classname="com.rest.api.get.GETBDDAPI" name="getAPITest5" time="0.675"/>
  <testcase classname="com.rest.api.get.GETBDDAPI" name="getAPITest5" time="0.501"/>
  <testcase classname="com.rest.api.get.GETBDDAPI" name="getAPITest4" time="0.0">
    <ignored/>
  </testcase> <!-- getAPITest4 -->
  <testcase classname="com.rest.api.get.GETBDDAPI" name="getAPITest2" time="0.0">
    <ignored/>
  </testcase> <!-- getAPITest2 -->
  <testcase classname="com.rest.api.get.GETBDDAPI" name="getAPITest3" time="0.0">
    <ignored/>
  </testcase> <!-- getAPITest3 -->
  <testcase classname="com.rest.api.get.GETBDDAPI" name="getAPITest" time="0.0">
    <ignored/>
  </testcase> <!-- getAPITest -->
</testsuite> <!-- Default test -->
