<?xml version="1.0" encoding="UTF-8"?>
<!-- Generated by org.testng.reporters.JUnitXMLReporter -->
<testsuite ignored="5" hostname="DESKTOP-6JINMTP" failures="0" tests="1" name="Default test" time="5.997" errors="0" timestamp="2022-09-11T09:40:51 IST">
  <testcase classname="com.rest.api.authentications.AuthAPI" name="basic_Auth_Digest_Test" time="5.974"/>
  <testcase classname="com.rest.api.authentications.AuthAPI" name="OAuth2_API_Test_AuthHeader" time="0.0">
    <ignored/>
  </testcase> <!-- OAuth2_API_Test_AuthHeader -->
  <testcase classname="com.rest.api.authentications.AuthAPI" name="OAuth2_API_Test" time="0.0">
    <ignored/>
  </testcase> <!-- OAuth2_API_Test -->
  <testcase classname="com.rest.api.authentications.AuthAPI" name="basic_Auth_API_Test" time="0.0">
    <ignored/>
  </testcase> <!-- basic_Auth_API_Test -->
  <testcase classname="com.rest.api.authentications.AuthAPI" name="OAuth2_API_WithTwoQueryParams_API_Test" time="0.0">
    <ignored/>
  </testcase> <!-- OAuth2_API_WithTwoQueryParams_API_Test -->
  <testcase classname="com.rest.api.authentications.AuthAPI" name="basic_Auth_API1_Test" time="0.0">
    <ignored/>
  </testcase> <!-- basic_Auth_API1_Test -->
</testsuite> <!-- Default test -->
